[0.007s] Invoking command in '/home/xy/文档/PlatformIO/Projects/arduino_ros2_communicate/ros2_ws/build/arduino_communication': CMAKE_PREFIX_PATH=${CMAKE_PREFIX_PATH}:/opt/ros/humble CONDA_PROMPT_MODIFIER=(base) /usr/bin/cmake /home/xy/文档/PlatformIO/Projects/arduino_ros2_communicate/ros2_ws/src/arduino_communication -DAMENT_CMAKE_SYMLINK_INSTALL=1 -DCMAKE_INSTALL_PREFIX=/home/xy/文档/PlatformIO/Projects/arduino_ros2_communicate/ros2_ws/install/arduino_communication
[0.050s] -- The C compiler identification is GNU 11.4.0
[0.091s] -- The CXX compiler identification is GNU 11.4.0
[0.097s] -- Detecting C compiler ABI info
[0.151s] -- Detecting C compiler ABI info - done
[0.161s] -- Check for working C compiler: /usr/bin/cc - skipped
[0.161s] -- Detecting C compile features
[0.161s] -- Detecting C compile features - done
[0.169s] -- Detecting CXX compiler ABI info
[0.233s] -- Detecting CXX compiler ABI info - done
[0.237s] -- Check for working CXX compiler: /usr/bin/c++ - skipped
[0.237s] -- Detecting CXX compile features
[0.238s] -- Detecting CXX compile features - done
[0.239s] -- Found ament_cmake: 1.3.10 (/opt/ros/humble/share/ament_cmake/cmake)
[0.464s] -- Found Python3: /home/xy/anaconda3/bin/python3 (found version "3.11.3") found components: Interpreter 
[0.508s] -- Override CMake install command with custom implementation using symlinks instead of copying resources
[0.525s] -- Found rclcpp: 16.0.10 (/opt/ros/humble/share/rclcpp/cmake)
[0.552s] -- Found rosidl_generator_c: 3.1.5 (/opt/ros/humble/share/rosidl_generator_c/cmake)
[0.555s] -- Found rosidl_adapter: 3.1.5 (/opt/ros/humble/share/rosidl_adapter/cmake)
[0.560s] -- Found rosidl_generator_cpp: 3.1.5 (/opt/ros/humble/share/rosidl_generator_cpp/cmake)
[0.567s] -- Using all available rosidl_typesupport_c: rosidl_typesupport_fastrtps_c;rosidl_typesupport_introspection_c
[0.577s] -- Using all available rosidl_typesupport_cpp: rosidl_typesupport_fastrtps_cpp;rosidl_typesupport_introspection_cpp
[0.604s] -- Found rmw_implementation_cmake: 6.1.2 (/opt/ros/humble/share/rmw_implementation_cmake/cmake)
[0.605s] -- Found rmw_fastrtps_cpp: 6.2.7 (/opt/ros/humble/share/rmw_fastrtps_cpp/cmake)
[0.662s] -- Found OpenSSL: /usr/lib/x86_64-linux-gnu/libcrypto.so (found version "3.0.2")  
[0.683s] -- Found FastRTPS: /opt/ros/humble/include  
[0.717s] -- Using RMW implementation 'rmw_fastrtps_cpp' as default
[0.724s] -- Looking for pthread.h
[0.786s] -- Looking for pthread.h - found
[0.786s] -- Performing Test CMAKE_HAVE_LIBC_PTHREAD
[0.841s] -- Performing Test CMAKE_HAVE_LIBC_PTHREAD - Success
[0.842s] -- Found Threads: TRUE  
[0.874s] -- Found serial_driver: 1.2.0 (/opt/ros/humble/share/serial_driver/cmake)
[0.886s] -- Found asio_cmake_module: 1.2.0 (/opt/ros/humble/share/asio_cmake_module/cmake)
[0.886s] -- Found ASIO: /usr/include  
[0.924s] -- Found ament_lint_auto: 0.12.11 (/opt/ros/humble/share/ament_lint_auto/cmake)
[0.987s] -- Added test 'copyright' to check source files copyright and LICENSE
[0.987s] -- Added test 'cppcheck' to perform static code analysis on C / C++ code
[0.988s] -- Configured cppcheck include dirs: 
[0.988s] -- Configured cppcheck exclude dirs and/or files: 
[0.988s] -- Added test 'cpplint' to check C / C++ code against the Google style
[0.988s] -- Configured cpplint exclude dirs and/or files: 
[0.988s] -- Added test 'lint_cmake' to check CMake code style
[0.989s] -- Added test 'uncrustify' to check C / C++ code style
[0.989s] -- Configured uncrustify additional arguments: 
[0.989s] -- Added test 'xmllint' to check XML markup files
[0.990s] -- Configuring done
[1.000s] -- Generating done
[1.001s] -- Build files have been written to: /home/xy/文档/PlatformIO/Projects/arduino_ros2_communicate/ros2_ws/build/arduino_communication
[1.008s] Invoked command in '/home/xy/文档/PlatformIO/Projects/arduino_ros2_communicate/ros2_ws/build/arduino_communication' returned '0': CMAKE_PREFIX_PATH=${CMAKE_PREFIX_PATH}:/opt/ros/humble CONDA_PROMPT_MODIFIER=(base) /usr/bin/cmake /home/xy/文档/PlatformIO/Projects/arduino_ros2_communicate/ros2_ws/src/arduino_communication -DAMENT_CMAKE_SYMLINK_INSTALL=1 -DCMAKE_INSTALL_PREFIX=/home/xy/文档/PlatformIO/Projects/arduino_ros2_communicate/ros2_ws/install/arduino_communication
[1.009s] Invoking command in '/home/xy/文档/PlatformIO/Projects/arduino_ros2_communicate/ros2_ws/build/arduino_communication': CMAKE_PREFIX_PATH=${CMAKE_PREFIX_PATH}:/opt/ros/humble CONDA_PROMPT_MODIFIER=(base) /usr/bin/cmake --build /home/xy/文档/PlatformIO/Projects/arduino_ros2_communicate/ros2_ws/build/arduino_communication -- -j16 -l16
[1.036s] [35m[1mConsolidate compiler generated dependencies of target arduino_serial_node[0m
[1.054s] [ 50%] [32mBuilding CXX object CMakeFiles/arduino_serial_node.dir/src/arduino_serial_node.cpp.o[0m
[4.075s] [100%] [32m[1mLinking CXX executable arduino_serial_node[0m
[4.220s] [100%] Built target arduino_serial_node
[4.227s] Invoked command in '/home/xy/文档/PlatformIO/Projects/arduino_ros2_communicate/ros2_ws/build/arduino_communication' returned '0': CMAKE_PREFIX_PATH=${CMAKE_PREFIX_PATH}:/opt/ros/humble CONDA_PROMPT_MODIFIER=(base) /usr/bin/cmake --build /home/xy/文档/PlatformIO/Projects/arduino_ros2_communicate/ros2_ws/build/arduino_communication -- -j16 -l16
[4.250s] Invoking command in '/home/xy/文档/PlatformIO/Projects/arduino_ros2_communicate/ros2_ws/build/arduino_communication': CMAKE_PREFIX_PATH=${CMAKE_PREFIX_PATH}:/opt/ros/humble CONDA_PROMPT_MODIFIER=(base) /usr/bin/cmake --install /home/xy/文档/PlatformIO/Projects/arduino_ros2_communicate/ros2_ws/build/arduino_communication
[4.254s] -- Install configuration: ""
[4.255s] -- Execute custom install script
[4.255s] -- Up-to-date symlink: /home/xy/文档/PlatformIO/Projects/arduino_ros2_communicate/ros2_ws/install/arduino_communication/lib/arduino_communication/arduino_serial_node
[4.255s] -- Up-to-date symlink: /home/xy/文档/PlatformIO/Projects/arduino_ros2_communicate/ros2_ws/install/arduino_communication/share/ament_index/resource_index/package_run_dependencies/arduino_communication
[4.255s] -- Up-to-date symlink: /home/xy/文档/PlatformIO/Projects/arduino_ros2_communicate/ros2_ws/install/arduino_communication/share/ament_index/resource_index/parent_prefix_path/arduino_communication
[4.255s] -- Up-to-date symlink: /home/xy/文档/PlatformIO/Projects/arduino_ros2_communicate/ros2_ws/install/arduino_communication/share/arduino_communication/environment/ament_prefix_path.sh
[4.255s] -- Up-to-date symlink: /home/xy/文档/PlatformIO/Projects/arduino_ros2_communicate/ros2_ws/install/arduino_communication/share/arduino_communication/environment/ament_prefix_path.dsv
[4.255s] -- Up-to-date symlink: /home/xy/文档/PlatformIO/Projects/arduino_ros2_communicate/ros2_ws/install/arduino_communication/share/arduino_communication/environment/path.sh
[4.256s] -- Up-to-date symlink: /home/xy/文档/PlatformIO/Projects/arduino_ros2_communicate/ros2_ws/install/arduino_communication/share/arduino_communication/environment/path.dsv
[4.256s] -- Up-to-date symlink: /home/xy/文档/PlatformIO/Projects/arduino_ros2_communicate/ros2_ws/install/arduino_communication/share/arduino_communication/local_setup.bash
[4.256s] -- Up-to-date symlink: /home/xy/文档/PlatformIO/Projects/arduino_ros2_communicate/ros2_ws/install/arduino_communication/share/arduino_communication/local_setup.sh
[4.256s] -- Up-to-date symlink: /home/xy/文档/PlatformIO/Projects/arduino_ros2_communicate/ros2_ws/install/arduino_communication/share/arduino_communication/local_setup.zsh
[4.256s] -- Up-to-date symlink: /home/xy/文档/PlatformIO/Projects/arduino_ros2_communicate/ros2_ws/install/arduino_communication/share/arduino_communication/local_setup.dsv
[4.256s] -- Symlinking: /home/xy/文档/PlatformIO/Projects/arduino_ros2_communicate/ros2_ws/install/arduino_communication/share/arduino_communication/package.dsv
[4.261s] -- Up-to-date symlink: /home/xy/文档/PlatformIO/Projects/arduino_ros2_communicate/ros2_ws/install/arduino_communication/share/ament_index/resource_index/packages/arduino_communication
[4.261s] -- Up-to-date symlink: /home/xy/文档/PlatformIO/Projects/arduino_ros2_communicate/ros2_ws/install/arduino_communication/share/arduino_communication/cmake/arduino_communicationConfig.cmake
[4.261s] -- Up-to-date symlink: /home/xy/文档/PlatformIO/Projects/arduino_ros2_communicate/ros2_ws/install/arduino_communication/share/arduino_communication/cmake/arduino_communicationConfig-version.cmake
[4.261s] -- Up-to-date symlink: /home/xy/文档/PlatformIO/Projects/arduino_ros2_communicate/ros2_ws/install/arduino_communication/share/arduino_communication/package.xml
[4.262s] Invoked command in '/home/xy/文档/PlatformIO/Projects/arduino_ros2_communicate/ros2_ws/build/arduino_communication' returned '0': CMAKE_PREFIX_PATH=${CMAKE_PREFIX_PATH}:/opt/ros/humble CONDA_PROMPT_MODIFIER=(base) /usr/bin/cmake --install /home/xy/文档/PlatformIO/Projects/arduino_ros2_communicate/ros2_ws/build/arduino_communication
