[01m[K/home/xy/文档/PlatformIO/Projects/arduino_ros2_communicate/ros2_ws/src/arduino_communication/src/arduino_serial_node.cpp:40:6:[m[K [01;31m[Kerror: [m[Kexpected ‘[01m[K}[m[K’ at end of input
   40 |     }
      |      [01;31m[K^[m[K
[01m[K/home/xy/文档/PlatformIO/Projects/arduino_ros2_communicate/ros2_ws/src/arduino_communication/src/arduino_serial_node.cpp:5:47:[m[K [01;36m[Knote: [m[Kto match this ‘[01m[K{[m[K’
    5 | class ArduinoSerialNode : public rclcpp::Node [01;36m[K{[m[K
      |                                               [01;36m[K^[m[K
[01m[K/home/xy/文档/PlatformIO/Projects/arduino_ros2_communicate/ros2_ws/src/arduino_communication/src/arduino_serial_node.cpp:[m[K In constructor ‘[01m[KArduinoSerialNode::ArduinoSerialNode()[m[K’:
[01m[K/home/xy/文档/PlatformIO/Projects/arduino_ros2_communicate/ros2_ws/src/arduino_communication/src/arduino_serial_node.cpp:11:9:[m[K [01;31m[Kerror: [m[K‘[01m[Kio_context_[m[K’ was not declared in this scope; did you mean ‘[01m[KIoContext[m[K’?
   11 |         [01;31m[Kio_context_[m[K = std::make_shared<drivers::common::IoContext>(1);
      |         [01;31m[K^~~~~~~~~~~[m[K
      |         [32m[KIoContext[m[K
[01m[K/home/xy/文档/PlatformIO/Projects/arduino_ros2_communicate/ros2_ws/src/arduino_communication/src/arduino_serial_node.cpp:22:9:[m[K [01;31m[Kerror: [m[K‘[01m[Kserial_driver_[m[K’ was not declared in this scope
   22 |         [01;31m[Kserial_driver_[m[K = std::make_unique<drivers::serial_driver::SerialDriver>(*io_context_);
      |         [01;31m[K^~~~~~~~~~~~~~[m[K
[01m[K/home/xy/文档/PlatformIO/Projects/arduino_ros2_communicate/ros2_ws/src/arduino_communication/src/arduino_serial_node.cpp:35:9:[m[K [01;31m[Kerror: [m[K‘[01m[Ktimer_[m[K’ was not declared in this scope; did you mean ‘[01m[Ktimer_t[m[K’?
   35 |         [01;31m[Ktimer_[m[K = this->create_wall_timer(
      |         [01;31m[K^~~~~~[m[K
      |         [32m[Ktimer_t[m[K
[01m[K/home/xy/文档/PlatformIO/Projects/arduino_ros2_communicate/ros2_ws/src/arduino_communication/src/arduino_serial_node.cpp:37:43:[m[K [01;31m[Kerror: [m[K‘[01m[Ktimer_callback[m[K’ is not a member of ‘[01m[KArduinoSerialNode[m[K’
   37 |             std::bind(&ArduinoSerialNode::[01;31m[Ktimer_callback[m[K, this));
      |                                           [01;31m[K^~~~~~~~~~~~~~[m[K
[01m[K/home/xy/文档/PlatformIO/Projects/arduino_ros2_communicate/ros2_ws/src/arduino_communication/src/arduino_serial_node.cpp:39:9:[m[K [01;31m[Kerror: [m[K‘[01m[Kpublisher_[m[K’ was not declared in this scope; did you mean ‘[01m[Krmw_publisher_t[m[K’?
   39 |         [01;31m[Kpublisher_[m[K = this->create_publisher<std_msgs::msg::String>("arduino_data", 10);
      |         [01;31m[K^~~~~~~~~~[m[K
      |         [32m[Krmw_publisher_t[m[K
[01m[K/home/xy/文档/PlatformIO/Projects/arduino_ros2_communicate/ros2_ws/src/arduino_communication/src/arduino_serial_node.cpp:[m[K At global scope:
[01m[K/home/xy/文档/PlatformIO/Projects/arduino_ros2_communicate/ros2_ws/src/arduino_communication/src/arduino_serial_node.cpp:40:6:[m[K [01;31m[Kerror: [m[Kexpected unqualified-id at end of input
   40 |     }
      |      [01;31m[K^[m[K
gmake[2]: *** [CMakeFiles/arduino_serial_node.dir/build.make:76：CMakeFiles/arduino_serial_node.dir/src/arduino_serial_node.cpp.o] 错误 1
gmake[1]: *** [CMakeFiles/Makefile2:137：CMakeFiles/arduino_serial_node.dir/all] 错误 2
gmake: *** [Makefile:146：all] 错误 2
