[01m[K/home/xy/文档/PlatformIO/Projects/arduino_ros2_communicate/ros2_ws/src/arduino_communication/src/arduino_serial_node.cpp:45:19:[m[K [01;31m[Kerror: [m[K‘[01m[KSerialDriver[m[K’ was not declared in this scope; did you mean ‘[01m[Kdrivers::serial_driver::SerialDriver[m[K’?
   45 |   std::unique_ptr<[01;31m[KSerialDriver[m[K> serial_driver_;
      |                   [01;31m[K^~~~~~~~~~~~[m[K
      |                   [32m[Kdrivers::serial_driver::SerialDriver[m[K
In file included from [01m[K/home/xy/文档/PlatformIO/Projects/arduino_ros2_communicate/ros2_ws/src/arduino_communication/src/arduino_serial_node.cpp:3[m[K:
[01m[K/opt/ros/humble/include/serial_driver/serial_driver.hpp:29:7:[m[K [01;36m[Knote: [m[K‘[01m[Kdrivers::serial_driver::SerialDriver[m[K’ declared here
   29 | class [01;36m[KSerialDriver[m[K
      |       [01;36m[K^~~~~~~~~~~~[m[K
[01m[K/home/xy/文档/PlatformIO/Projects/arduino_ros2_communicate/ros2_ws/src/arduino_communication/src/arduino_serial_node.cpp:45:31:[m[K [01;31m[Kerror: [m[Ktemplate argument 1 is invalid
   45 |   std::unique_ptr<SerialDriver[01;31m[K>[m[K serial_driver_;
      |                               [01;31m[K^[m[K
[01m[K/home/xy/文档/PlatformIO/Projects/arduino_ros2_communicate/ros2_ws/src/arduino_communication/src/arduino_serial_node.cpp:45:31:[m[K [01;31m[Kerror: [m[Ktemplate argument 2 is invalid
[01m[K/home/xy/文档/PlatformIO/Projects/arduino_ros2_communicate/ros2_ws/src/arduino_communication/src/arduino_serial_node.cpp:[m[K In constructor ‘[01m[KArduinoSerialNode::ArduinoSerialNode()[m[K’:
[01m[K/home/xy/文档/PlatformIO/Projects/arduino_ros2_communicate/ros2_ws/src/arduino_communication/src/arduino_serial_node.cpp:11:54:[m[K [01;31m[Kerror: [m[K‘[01m[KDeviceConfig[m[K’ is not a member of ‘[01m[Kdrivers::common::IoContext[m[K’
   11 |     auto device_config = std::make_unique<IoContext::[01;31m[KDeviceConfig[m[K>();
      |                                                      [01;31m[K^~~~~~~~~~~~[m[K
[01m[K/home/xy/文档/PlatformIO/Projects/arduino_ros2_communicate/ros2_ws/src/arduino_communication/src/arduino_serial_node.cpp:11:67:[m[K [01;31m[Kerror: [m[Kno matching function for call to ‘[01m[Kmake_unique<<expression error> >()[m[K’
   11 |     auto device_config = [01;31m[Kstd::make_unique<IoContext::DeviceConfig>()[m[K;
      |                          [01;31m[K~~~~~~~~~~~~~~~~~~~~~~~~~~~~~~~~~~~~~~~~~^~[m[K
In file included from [01m[K/usr/include/c++/11/memory:76[m[K,
                 from [01m[K/opt/ros/humble/include/rclcpp/rclcpp/rclcpp.hpp:153[m[K,
                 from [01m[K/home/xy/文档/PlatformIO/Projects/arduino_ros2_communicate/ros2_ws/src/arduino_communication/src/arduino_serial_node.cpp:1[m[K:
[01m[K/usr/include/c++/11/bits/unique_ptr.h:961:5:[m[K [01;36m[Knote: [m[Kcandidate: ‘[01m[Ktemplate<class _Tp, class ... _Args> typename std::_MakeUniq<_Tp>::__single_object std::make_unique(_Args&& ...)[m[K’
  961 |     [01;36m[Kmake_unique[m[K(_Args&&... __args)
      |     [01;36m[K^~~~~~~~~~~[m[K
[01m[K/usr/include/c++/11/bits/unique_ptr.h:961:5:[m[K [01;36m[Knote: [m[K  template argument deduction/substitution failed:
[01m[K/home/xy/文档/PlatformIO/Projects/arduino_ros2_communicate/ros2_ws/src/arduino_communication/src/arduino_serial_node.cpp:11:67:[m[K [01;31m[Kerror: [m[Ktemplate argument 1 is invalid
   11 |     auto device_config = [01;31m[Kstd::make_unique<IoContext::DeviceConfig>()[m[K;
      |                          [01;31m[K~~~~~~~~~~~~~~~~~~~~~~~~~~~~~~~~~~~~~~~~~^~[m[K
In file included from [01m[K/usr/include/c++/11/memory:76[m[K,
                 from [01m[K/opt/ros/humble/include/rclcpp/rclcpp/rclcpp.hpp:153[m[K,
                 from [01m[K/home/xy/文档/PlatformIO/Projects/arduino_ros2_communicate/ros2_ws/src/arduino_communication/src/arduino_serial_node.cpp:1[m[K:
[01m[K/usr/include/c++/11/bits/unique_ptr.h:967:5:[m[K [01;36m[Knote: [m[Kcandidate: ‘[01m[Ktemplate<class _Tp> typename std::_MakeUniq<_Tp>::__array std::make_unique(std::size_t)[m[K’
  967 |     [01;36m[Kmake_unique[m[K(size_t __num)
      |     [01;36m[K^~~~~~~~~~~[m[K
[01m[K/usr/include/c++/11/bits/unique_ptr.h:967:5:[m[K [01;36m[Knote: [m[K  template argument deduction/substitution failed:
[01m[K/home/xy/文档/PlatformIO/Projects/arduino_ros2_communicate/ros2_ws/src/arduino_communication/src/arduino_serial_node.cpp:11:67:[m[K [01;31m[Kerror: [m[Ktemplate argument 1 is invalid
   11 |     auto device_config = [01;31m[Kstd::make_unique<IoContext::DeviceConfig>()[m[K;
      |                          [01;31m[K~~~~~~~~~~~~~~~~~~~~~~~~~~~~~~~~~~~~~~~~~^~[m[K
In file included from [01m[K/usr/include/c++/11/memory:76[m[K,
                 from [01m[K/opt/ros/humble/include/rclcpp/rclcpp/rclcpp.hpp:153[m[K,
                 from [01m[K/home/xy/文档/PlatformIO/Projects/arduino_ros2_communicate/ros2_ws/src/arduino_communication/src/arduino_serial_node.cpp:1[m[K:
[01m[K/usr/include/c++/11/bits/unique_ptr.h:973:5:[m[K [01;36m[Knote: [m[Kcandidate: ‘[01m[Ktemplate<class _Tp, class ... _Args> typename std::_MakeUniq<_Tp>::__invalid_type std::make_unique(_Args&& ...)[m[K’ (deleted)
  973 |     [01;36m[Kmake_unique[m[K(_Args&&...) = delete;
      |     [01;36m[K^~~~~~~~~~~[m[K
[01m[K/usr/include/c++/11/bits/unique_ptr.h:973:5:[m[K [01;36m[Knote: [m[K  template argument deduction/substitution failed:
[01m[K/home/xy/文档/PlatformIO/Projects/arduino_ros2_communicate/ros2_ws/src/arduino_communication/src/arduino_serial_node.cpp:11:67:[m[K [01;31m[Kerror: [m[Ktemplate argument 1 is invalid
   11 |     auto device_config = [01;31m[Kstd::make_unique<IoContext::DeviceConfig>()[m[K;
      |                          [01;31m[K~~~~~~~~~~~~~~~~~~~~~~~~~~~~~~~~~~~~~~~~~^~[m[K
[01m[K/home/xy/文档/PlatformIO/Projects/arduino_ros2_communicate/ros2_ws/src/arduino_communication/src/arduino_serial_node.cpp:14:46:[m[K [01;31m[Kerror: [m[K‘[01m[Kdrivers::common::IoContext::FlowControl[m[K’ has not been declared
   14 |     device_config->flow_control = IoContext::[01;31m[KFlowControl[m[K::NONE;
      |                                              [01;31m[K^~~~~~~~~~~[m[K
[01m[K/home/xy/文档/PlatformIO/Projects/arduino_ros2_communicate/ros2_ws/src/arduino_communication/src/arduino_serial_node.cpp:15:40:[m[K [01;31m[Kerror: [m[K‘[01m[Kdrivers::common::IoContext::Parity[m[K’ has not been declared
   15 |     device_config->parity = IoContext::[01;31m[KParity[m[K::NONE;
      |                                        [01;31m[K^~~~~~[m[K
[01m[K/home/xy/文档/PlatformIO/Projects/arduino_ros2_communicate/ros2_ws/src/arduino_communication/src/arduino_serial_node.cpp:16:43:[m[K [01;31m[Kerror: [m[K‘[01m[Kdrivers::common::IoContext::StopBits[m[K’ has not been declared
   16 |     device_config->stop_bits = IoContext::[01;31m[KStopBits[m[K::ONE;
      |                                           [01;31m[K^~~~~~~~[m[K
[01m[K/home/xy/文档/PlatformIO/Projects/arduino_ros2_communicate/ros2_ws/src/arduino_communication/src/arduino_serial_node.cpp:18:39:[m[K [01;31m[Kerror: [m[K‘[01m[KSerialDriver[m[K’ was not declared in this scope; did you mean ‘[01m[Kdrivers::serial_driver::SerialDriver[m[K’?
   18 |     serial_driver_ = std::make_unique<[01;31m[KSerialDriver[m[K>(shared_from_this(), std::move(device_config));
      |                                       [01;31m[K^~~~~~~~~~~~[m[K
      |                                       [32m[Kdrivers::serial_driver::SerialDriver[m[K
In file included from [01m[K/home/xy/文档/PlatformIO/Projects/arduino_ros2_communicate/ros2_ws/src/arduino_communication/src/arduino_serial_node.cpp:3[m[K:
[01m[K/opt/ros/humble/include/serial_driver/serial_driver.hpp:29:7:[m[K [01;36m[Knote: [m[K‘[01m[Kdrivers::serial_driver::SerialDriver[m[K’ declared here
   29 | class [01;36m[KSerialDriver[m[K
      |       [01;36m[K^~~~~~~~~~~~[m[K
[01m[K/home/xy/文档/PlatformIO/Projects/arduino_ros2_communicate/ros2_ws/src/arduino_communication/src/arduino_serial_node.cpp:21:19:[m[K [01;31m[Kerror: [m[Kbase operand of ‘[01m[K->[m[K’ is not a pointer
   21 |     serial_driver_[01;31m[K->[m[Kopen();
      |                   [01;31m[K^~[m[K
[01m[K/home/xy/文档/PlatformIO/Projects/arduino_ros2_communicate/ros2_ws/src/arduino_communication/src/arduino_serial_node.cpp:[m[K In member function ‘[01m[Kvoid ArduinoSerialNode::timer_callback()[m[K’:
[01m[K/home/xy/文档/PlatformIO/Projects/arduino_ros2_communicate/ros2_ws/src/arduino_communication/src/arduino_serial_node.cpp:36:39:[m[K [01;31m[Kerror: [m[Kbase operand of ‘[01m[K->[m[K’ is not a pointer
   36 |     size_t bytes_read = serial_driver_[01;31m[K->[m[Kport()->receive(buffer);
      |                                       [01;31m[K^~[m[K
gmake[2]: *** [CMakeFiles/arduino_serial_node.dir/build.make:76：CMakeFiles/arduino_serial_node.dir/src/arduino_serial_node.cpp.o] 错误 1
gmake[1]: *** [CMakeFiles/Makefile2:137：CMakeFiles/arduino_serial_node.dir/all] 错误 2
gmake: *** [Makefile:146：all] 错误 2
