[0.007s] Invoking command in '/home/xy/文档/PlatformIO/Projects/arduino_ros2_communicate/ros2_ws/build/arduino_communication': CMAKE_PREFIX_PATH=${CMAKE_PREFIX_PATH}:/opt/ros/humble CONDA_PROMPT_MODIFIER=(base) /usr/bin/cmake /home/xy/文档/PlatformIO/Projects/arduino_ros2_communicate/ros2_ws/src/arduino_communication -DAMENT_CMAKE_SYMLINK_INSTALL=1 -DCMAKE_INSTALL_PREFIX=/home/xy/文档/PlatformIO/Projects/arduino_ros2_communicate/ros2_ws/install/arduino_communication
[0.043s] -- The C compiler identification is GNU 11.4.0
[0.080s] -- The CXX compiler identification is GNU 11.4.0
[0.085s] -- Detecting C compiler ABI info
[0.140s] -- Detecting C compiler ABI info - done
[0.145s] -- Check for working C compiler: /usr/bin/cc - skipped
[0.145s] -- Detecting C compile features
[0.145s] -- Detecting C compile features - done
[0.147s] -- Detecting CXX compiler ABI info
[0.207s] -- Detecting CXX compiler ABI info - done
[0.211s] -- Check for working CXX compiler: /usr/bin/c++ - skipped
[0.212s] -- Detecting CXX compile features
[0.212s] -- Detecting CXX compile features - done
[0.213s] -- Found ament_cmake: 1.3.10 (/opt/ros/humble/share/ament_cmake/cmake)
[0.441s] -- Found Python3: /home/xy/anaconda3/bin/python3 (found version "3.11.3") found components: Interpreter 
[0.484s] -- Override CMake install command with custom implementation using symlinks instead of copying resources
[0.502s] -- Found rclcpp: 16.0.10 (/opt/ros/humble/share/rclcpp/cmake)
[0.529s] -- Found rosidl_generator_c: 3.1.5 (/opt/ros/humble/share/rosidl_generator_c/cmake)
[0.532s] -- Found rosidl_adapter: 3.1.5 (/opt/ros/humble/share/rosidl_adapter/cmake)
[0.537s] -- Found rosidl_generator_cpp: 3.1.5 (/opt/ros/humble/share/rosidl_generator_cpp/cmake)
[0.545s] -- Using all available rosidl_typesupport_c: rosidl_typesupport_fastrtps_c;rosidl_typesupport_introspection_c
[0.555s] -- Using all available rosidl_typesupport_cpp: rosidl_typesupport_fastrtps_cpp;rosidl_typesupport_introspection_cpp
[0.581s] -- Found rmw_implementation_cmake: 6.1.2 (/opt/ros/humble/share/rmw_implementation_cmake/cmake)
[0.582s] -- Found rmw_fastrtps_cpp: 6.2.7 (/opt/ros/humble/share/rmw_fastrtps_cpp/cmake)
[0.642s] -- Found OpenSSL: /usr/lib/x86_64-linux-gnu/libcrypto.so (found version "3.0.2")  
[0.662s] -- Found FastRTPS: /opt/ros/humble/include  
[0.694s] -- Using RMW implementation 'rmw_fastrtps_cpp' as default
[0.701s] -- Looking for pthread.h
[0.748s] -- Looking for pthread.h - found
[0.749s] -- Performing Test CMAKE_HAVE_LIBC_PTHREAD
[0.796s] -- Performing Test CMAKE_HAVE_LIBC_PTHREAD - Success
[0.796s] -- Found Threads: TRUE  
[0.829s] -- Found serial_driver: 1.2.0 (/opt/ros/humble/share/serial_driver/cmake)
[0.842s] -- Found asio_cmake_module: 1.2.0 (/opt/ros/humble/share/asio_cmake_module/cmake)
[0.843s] -- Found ASIO: /usr/include  
[0.882s] -- Found ament_lint_auto: 0.12.11 (/opt/ros/humble/share/ament_lint_auto/cmake)
[0.946s] -- Added test 'copyright' to check source files copyright and LICENSE
[0.947s] -- Added test 'cppcheck' to perform static code analysis on C / C++ code
[0.947s] -- Configured cppcheck include dirs: 
[0.947s] -- Configured cppcheck exclude dirs and/or files: 
[0.948s] -- Added test 'cpplint' to check C / C++ code against the Google style
[0.948s] -- Configured cpplint exclude dirs and/or files: 
[0.948s] -- Added test 'lint_cmake' to check CMake code style
[0.948s] -- Added test 'uncrustify' to check C / C++ code style
[0.948s] -- Configured uncrustify additional arguments: 
[0.948s] -- Added test 'xmllint' to check XML markup files
[0.949s] -- Configuring done
[0.960s] -- Generating done
[0.961s] -- Build files have been written to: /home/xy/文档/PlatformIO/Projects/arduino_ros2_communicate/ros2_ws/build/arduino_communication
[0.968s] Invoked command in '/home/xy/文档/PlatformIO/Projects/arduino_ros2_communicate/ros2_ws/build/arduino_communication' returned '0': CMAKE_PREFIX_PATH=${CMAKE_PREFIX_PATH}:/opt/ros/humble CONDA_PROMPT_MODIFIER=(base) /usr/bin/cmake /home/xy/文档/PlatformIO/Projects/arduino_ros2_communicate/ros2_ws/src/arduino_communication -DAMENT_CMAKE_SYMLINK_INSTALL=1 -DCMAKE_INSTALL_PREFIX=/home/xy/文档/PlatformIO/Projects/arduino_ros2_communicate/ros2_ws/install/arduino_communication
[0.969s] Invoking command in '/home/xy/文档/PlatformIO/Projects/arduino_ros2_communicate/ros2_ws/build/arduino_communication': CMAKE_PREFIX_PATH=${CMAKE_PREFIX_PATH}:/opt/ros/humble CONDA_PROMPT_MODIFIER=(base) /usr/bin/cmake --build /home/xy/文档/PlatformIO/Projects/arduino_ros2_communicate/ros2_ws/build/arduino_communication -- -j16 -l16
[0.997s] [35m[1mConsolidate compiler generated dependencies of target arduino_serial_node[0m
[1.016s] [ 50%] [32mBuilding CXX object CMakeFiles/arduino_serial_node.dir/src/arduino_serial_node.cpp.o[0m
[2.696s] [01m[K/home/xy/文档/PlatformIO/Projects/arduino_ros2_communicate/ros2_ws/src/arduino_communication/src/arduino_serial_node.cpp:[m[K In member function ‘[01m[Kvoid ArduinoSerialNode::timer_callback()[m[K’:
[2.696s] [01m[K/home/xy/文档/PlatformIO/Projects/arduino_ros2_communicate/ros2_ws/src/arduino_communication/src/arduino_serial_node.cpp:50:49:[m[K [01;31m[Kerror: [m[K‘[01m[Kusing element_type = class drivers::serial_driver::SerialPort[m[K’ {aka ‘[01m[Kclass drivers::serial_driver::SerialPort[m[K’} has no member named ‘[01m[Kread[m[K’
[2.696s]    50 |     size_t bytes_read = serial_driver_->port()->[01;31m[Kread[m[K(buffer, sizeof(buffer));
[2.696s]       |                                                 [01;31m[K^~~~[m[K
[3.253s] gmake[2]: *** [CMakeFiles/arduino_serial_node.dir/build.make:76：CMakeFiles/arduino_serial_node.dir/src/arduino_serial_node.cpp.o] 错误 1
[3.253s] gmake[1]: *** [CMakeFiles/Makefile2:137：CMakeFiles/arduino_serial_node.dir/all] 错误 2
[3.253s] gmake: *** [Makefile:146：all] 错误 2
[3.255s] Invoked command in '/home/xy/文档/PlatformIO/Projects/arduino_ros2_communicate/ros2_ws/build/arduino_communication' returned '2': CMAKE_PREFIX_PATH=${CMAKE_PREFIX_PATH}:/opt/ros/humble CONDA_PROMPT_MODIFIER=(base) /usr/bin/cmake --build /home/xy/文档/PlatformIO/Projects/arduino_ros2_communicate/ros2_ws/build/arduino_communication -- -j16 -l16
