[0.007s] Invoking command in '/home/xy/文档/PlatformIO/Projects/arduino_ros2_communicate/ros2_ws/build/arduino_communication': CMAKE_PREFIX_PATH=${CMAKE_PREFIX_PATH}:/opt/ros/humble CONDA_PROMPT_MODIFIER=(base) /usr/bin/cmake /home/xy/文档/PlatformIO/Projects/arduino_ros2_communicate/ros2_ws/src/arduino_communication -DAMENT_CMAKE_SYMLINK_INSTALL=1 -DCMAKE_INSTALL_PREFIX=/home/xy/文档/PlatformIO/Projects/arduino_ros2_communicate/ros2_ws/install/arduino_communication
[0.061s] -- The C compiler identification is GNU 11.4.0
[0.105s] -- The CXX compiler identification is GNU 11.4.0
[0.110s] -- Detecting C compiler ABI info
[0.162s] -- Detecting C compiler ABI info - done
[0.168s] -- Check for working C compiler: /usr/bin/cc - skipped
[0.168s] -- Detecting C compile features
[0.168s] -- Detecting C compile features - done
[0.170s] -- Detecting CXX compiler ABI info
[0.226s] -- Detecting CXX compiler ABI info - done
[0.231s] -- Check for working CXX compiler: /usr/bin/c++ - skipped
[0.231s] -- Detecting CXX compile features
[0.232s] -- Detecting CXX compile features - done
[0.233s] -- Found ament_cmake: 1.3.10 (/opt/ros/humble/share/ament_cmake/cmake)
[0.452s] -- Found Python3: /home/xy/anaconda3/bin/python3 (found version "3.11.3") found components: Interpreter 
[0.501s] -- Override CMake install command with custom implementation using symlinks instead of copying resources
[0.518s] -- Found rclcpp: 16.0.10 (/opt/ros/humble/share/rclcpp/cmake)
[0.549s] -- Found rosidl_generator_c: 3.1.5 (/opt/ros/humble/share/rosidl_generator_c/cmake)
[0.551s] -- Found rosidl_adapter: 3.1.5 (/opt/ros/humble/share/rosidl_adapter/cmake)
[0.557s] -- Found rosidl_generator_cpp: 3.1.5 (/opt/ros/humble/share/rosidl_generator_cpp/cmake)
[0.564s] -- Using all available rosidl_typesupport_c: rosidl_typesupport_fastrtps_c;rosidl_typesupport_introspection_c
[0.573s] -- Using all available rosidl_typesupport_cpp: rosidl_typesupport_fastrtps_cpp;rosidl_typesupport_introspection_cpp
[0.599s] -- Found rmw_implementation_cmake: 6.1.2 (/opt/ros/humble/share/rmw_implementation_cmake/cmake)
[0.601s] -- Found rmw_fastrtps_cpp: 6.2.7 (/opt/ros/humble/share/rmw_fastrtps_cpp/cmake)
[0.661s] -- Found OpenSSL: /usr/lib/x86_64-linux-gnu/libcrypto.so (found version "3.0.2")  
[0.683s] -- Found FastRTPS: /opt/ros/humble/include  
[0.726s] -- Using RMW implementation 'rmw_fastrtps_cpp' as default
[0.732s] -- Looking for pthread.h
[0.782s] -- Looking for pthread.h - found
[0.782s] -- Performing Test CMAKE_HAVE_LIBC_PTHREAD
[0.834s] -- Performing Test CMAKE_HAVE_LIBC_PTHREAD - Success
[0.836s] -- Found Threads: TRUE  
[0.869s] -- Found serial_driver: 1.2.0 (/opt/ros/humble/share/serial_driver/cmake)
[0.881s] -- Found asio_cmake_module: 1.2.0 (/opt/ros/humble/share/asio_cmake_module/cmake)
[0.882s] -- Found ASIO: /usr/include  
[0.919s] -- Found ament_lint_auto: 0.12.11 (/opt/ros/humble/share/ament_lint_auto/cmake)
[0.983s] -- Added test 'copyright' to check source files copyright and LICENSE
[0.983s] -- Added test 'cppcheck' to perform static code analysis on C / C++ code
[0.983s] -- Configured cppcheck include dirs: 
[0.983s] -- Configured cppcheck exclude dirs and/or files: 
[0.984s] -- Added test 'cpplint' to check C / C++ code against the Google style
[0.984s] -- Configured cpplint exclude dirs and/or files: 
[0.984s] -- Added test 'lint_cmake' to check CMake code style
[0.984s] -- Added test 'uncrustify' to check C / C++ code style
[0.984s] -- Configured uncrustify additional arguments: 
[0.984s] -- Added test 'xmllint' to check XML markup files
[0.985s] -- Configuring done
[0.995s] -- Generating done
[0.996s] -- Build files have been written to: /home/xy/文档/PlatformIO/Projects/arduino_ros2_communicate/ros2_ws/build/arduino_communication
[1.002s] Invoked command in '/home/xy/文档/PlatformIO/Projects/arduino_ros2_communicate/ros2_ws/build/arduino_communication' returned '0': CMAKE_PREFIX_PATH=${CMAKE_PREFIX_PATH}:/opt/ros/humble CONDA_PROMPT_MODIFIER=(base) /usr/bin/cmake /home/xy/文档/PlatformIO/Projects/arduino_ros2_communicate/ros2_ws/src/arduino_communication -DAMENT_CMAKE_SYMLINK_INSTALL=1 -DCMAKE_INSTALL_PREFIX=/home/xy/文档/PlatformIO/Projects/arduino_ros2_communicate/ros2_ws/install/arduino_communication
[1.004s] Invoking command in '/home/xy/文档/PlatformIO/Projects/arduino_ros2_communicate/ros2_ws/build/arduino_communication': CMAKE_PREFIX_PATH=${CMAKE_PREFIX_PATH}:/opt/ros/humble CONDA_PROMPT_MODIFIER=(base) /usr/bin/cmake --build /home/xy/文档/PlatformIO/Projects/arduino_ros2_communicate/ros2_ws/build/arduino_communication -- -j16 -l16
[1.038s] [35m[1mConsolidate compiler generated dependencies of target arduino_serial_node[0m
[1.058s] [ 50%] [32mBuilding CXX object CMakeFiles/arduino_serial_node.dir/src/arduino_serial_node.cpp.o[0m
[2.743s] [01m[K/home/xy/文档/PlatformIO/Projects/arduino_ros2_communicate/ros2_ws/src/arduino_communication/src/arduino_serial_node.cpp:[m[K In member function ‘[01m[Kvoid ArduinoSerialNode::timer_callback()[m[K’:
[2.743s] [01m[K/home/xy/文档/PlatformIO/Projects/arduino_ros2_communicate/ros2_ws/src/arduino_communication/src/arduino_serial_node.cpp:51:11:[m[K [01;31m[Kerror: [m[K‘[01m[Kusing element_type = class drivers::serial_driver::SerialPort[m[K’ {aka ‘[01m[Kclass drivers::serial_driver::SerialPort[m[K’} has no member named ‘[01m[Kasync_read_some[m[K’
[2.743s]    51 |     port->[01;31m[Kasync_read_some[m[K(
[2.743s]       |           [01;31m[K^~~~~~~~~~~~~~~[m[K
[3.291s] gmake[2]: *** [CMakeFiles/arduino_serial_node.dir/build.make:76：CMakeFiles/arduino_serial_node.dir/src/arduino_serial_node.cpp.o] 错误 1
[3.291s] gmake[1]: *** [CMakeFiles/Makefile2:137：CMakeFiles/arduino_serial_node.dir/all] 错误 2
[3.291s] gmake: *** [Makefile:146：all] 错误 2
[3.293s] Invoked command in '/home/xy/文档/PlatformIO/Projects/arduino_ros2_communicate/ros2_ws/build/arduino_communication' returned '2': CMAKE_PREFIX_PATH=${CMAKE_PREFIX_PATH}:/opt/ros/humble CONDA_PROMPT_MODIFIER=(base) /usr/bin/cmake --build /home/xy/文档/PlatformIO/Projects/arduino_ros2_communicate/ros2_ws/build/arduino_communication -- -j16 -l16
