[0.011s] Invoking command in '/home/xy/文档/PlatformIO/Projects/arduino_ros2_communicate/ros2_ws/build/arduino_communication': CMAKE_PREFIX_PATH=/opt/ros/humble /usr/bin/cmake --build /home/xy/文档/PlatformIO/Projects/arduino_ros2_communicate/ros2_ws/build/arduino_communication -- -j16 -l16
[0.048s] [35m[1mConsolidate compiler generated dependencies of target arduino_serial_node[0m
[0.065s] [ 50%] [32mBuilding CXX object CMakeFiles/arduino_serial_node.dir/src/arduino_serial_node.cpp.o[0m
[1.697s] [01m[K/home/xy/文档/PlatformIO/Projects/arduino_ros2_communicate/ros2_ws/src/arduino_communication/src/arduino_serial_node.cpp:[m[K In constructor ‘[01m[KArduinoSerialNode::ArduinoSerialNode()[m[K’:
[1.697s] [01m[K/home/xy/文档/PlatformIO/Projects/arduino_ros2_communicate/ros2_ws/src/arduino_communication/src/arduino_serial_node.cpp:16:20:[m[K [01;31m[Kerror: [m[K‘[01m[Kclass drivers::serial_driver::SerialPortConfig[m[K’ has no member named ‘[01m[Kset_baud_rate[m[K’; did you mean ‘[01m[Kget_baud_rate[m[K’?
[1.697s]    16 |     device_config->[01;31m[Kset_baud_rate[m[K(9600);
[1.697s]       |                    [01;31m[K^~~~~~~~~~~~~[m[K
[1.697s]       |                    [32m[Kget_baud_rate[m[K
[1.697s] [01m[K/home/xy/文档/PlatformIO/Projects/arduino_ros2_communicate/ros2_ws/src/arduino_communication/src/arduino_serial_node.cpp:17:20:[m[K [01;31m[Kerror: [m[K‘[01m[Kclass drivers::serial_driver::SerialPortConfig[m[K’ has no member named ‘[01m[Kset_flow_control[m[K’; did you mean ‘[01m[Kget_flow_control[m[K’?
[1.697s]    17 |     device_config->[01;31m[Kset_flow_control[m[K(SerialPortConfig::FlowControl::NONE);
[1.697s]       |                    [01;31m[K^~~~~~~~~~~~~~~~[m[K
[1.697s]       |                    [32m[Kget_flow_control[m[K
[1.697s] [01m[K/home/xy/文档/PlatformIO/Projects/arduino_ros2_communicate/ros2_ws/src/arduino_communication/src/arduino_serial_node.cpp:17:55:[m[K [01;31m[Kerror: [m[K‘[01m[Kdrivers::serial_driver::SerialPortConfig::FlowControl[m[K’ has not been declared
[1.697s]    17 |     device_config->set_flow_control(SerialPortConfig::[01;31m[KFlowControl[m[K::NONE);
[1.697s]       |                                                       [01;31m[K^~~~~~~~~~~[m[K
[1.697s] [01m[K/home/xy/文档/PlatformIO/Projects/arduino_ros2_communicate/ros2_ws/src/arduino_communication/src/arduino_serial_node.cpp:18:20:[m[K [01;31m[Kerror: [m[K‘[01m[Kclass drivers::serial_driver::SerialPortConfig[m[K’ has no member named ‘[01m[Kset_parity[m[K’; did you mean ‘[01m[Kget_parity[m[K’?
[1.698s]    18 |     device_config->[01;31m[Kset_parity[m[K(SerialPortConfig::Parity::NONE);
[1.698s]       |                    [01;31m[K^~~~~~~~~~[m[K
[1.698s]       |                    [32m[Kget_parity[m[K
[1.698s] [01m[K/home/xy/文档/PlatformIO/Projects/arduino_ros2_communicate/ros2_ws/src/arduino_communication/src/arduino_serial_node.cpp:18:49:[m[K [01;31m[Kerror: [m[K‘[01m[Kdrivers::serial_driver::SerialPortConfig::Parity[m[K’ has not been declared
[1.698s]    18 |     device_config->set_parity(SerialPortConfig::[01;31m[KParity[m[K::NONE);
[1.698s]       |                                                 [01;31m[K^~~~~~[m[K
[1.698s] [01m[K/home/xy/文档/PlatformIO/Projects/arduino_ros2_communicate/ros2_ws/src/arduino_communication/src/arduino_serial_node.cpp:19:20:[m[K [01;31m[Kerror: [m[K‘[01m[Kclass drivers::serial_driver::SerialPortConfig[m[K’ has no member named ‘[01m[Kset_stop_bits[m[K’; did you mean ‘[01m[Kget_stop_bits[m[K’?
[1.698s]    19 |     device_config->[01;31m[Kset_stop_bits[m[K(SerialPortConfig::StopBits::ONE);
[1.698s]       |                    [01;31m[K^~~~~~~~~~~~~[m[K
[1.698s]       |                    [32m[Kget_stop_bits[m[K
[1.698s] [01m[K/home/xy/文档/PlatformIO/Projects/arduino_ros2_communicate/ros2_ws/src/arduino_communication/src/arduino_serial_node.cpp:19:52:[m[K [01;31m[Kerror: [m[K‘[01m[Kdrivers::serial_driver::SerialPortConfig::StopBits[m[K’ has not been declared
[1.698s]    19 |     device_config->set_stop_bits(SerialPortConfig::[01;31m[KStopBits[m[K::ONE);
[1.698s]       |                                                    [01;31m[K^~~~~~~~[m[K
[1.771s] In file included from [01m[K/usr/include/c++/11/memory:76[m[K,
[1.771s]                  from [01m[K/opt/ros/humble/include/rclcpp/rclcpp/rclcpp.hpp:153[m[K,
[1.771s]                  from [01m[K/home/xy/文档/PlatformIO/Projects/arduino_ros2_communicate/ros2_ws/src/arduino_communication/src/arduino_serial_node.cpp:1[m[K:
[1.771s] /usr/include/c++/11/bits/unique_ptr.h: In instantiation of ‘[01m[Ktypename std::_MakeUniq<_Tp>::__single_object std::make_unique(_Args&& ...) [with _Tp = drivers::serial_driver::SerialPortConfig; _Args = {}; typename std::_MakeUniq<_Tp>::__single_object = std::unique_ptr<drivers::serial_driver::SerialPortConfig, std::default_delete<drivers::serial_driver::SerialPortConfig> >][m[K’:
[1.771s] [01m[K/home/xy/文档/PlatformIO/Projects/arduino_ros2_communicate/ros2_ws/src/arduino_communication/src/arduino_serial_node.cpp:15:60:[m[K   required from here
[1.772s] [01m[K/usr/include/c++/11/bits/unique_ptr.h:962:30:[m[K [01;31m[Kerror: [m[Kno matching function for call to ‘[01m[Kdrivers::serial_driver::SerialPortConfig::SerialPortConfig()[m[K’
[1.772s]   962 |     { return unique_ptr<_Tp>([01;31m[Knew _Tp(std::forward<_Args>(__args)...)[m[K); }
[1.772s]       |                              [01;31m[K^~~~~~~~~~~~~~~~~~~~~~~~~~~~~~~~~~~~~~~[m[K
[1.772s] In file included from [01m[K/opt/ros/humble/include/serial_driver/serial_driver.hpp:22[m[K,
[1.772s]                  from [01m[K/home/xy/文档/PlatformIO/Projects/arduino_ros2_communicate/ros2_ws/src/arduino_communication/src/arduino_serial_node.cpp:3[m[K:
[1.772s] [01m[K/opt/ros/humble/include/serial_driver/serial_port.hpp:61:3:[m[K [01;36m[Knote: [m[Kcandidate: ‘[01m[Kdrivers::serial_driver::SerialPortConfig::SerialPortConfig(uint32_t, drivers::serial_driver::FlowControl, drivers::serial_driver::Parity, drivers::serial_driver::StopBits)[m[K’
[1.772s]    61 |   [01;36m[KSerialPortConfig[m[K(
[1.772s]       |   [01;36m[K^~~~~~~~~~~~~~~~[m[K
[1.772s] [01m[K/opt/ros/humble/include/serial_driver/serial_port.hpp:61:3:[m[K [01;36m[Knote: [m[K  candidate expects 4 arguments, 0 provided
[1.772s] [01m[K/opt/ros/humble/include/serial_driver/serial_port.hpp:57:7:[m[K [01;36m[Knote: [m[Kcandidate: ‘[01m[Kconstexpr drivers::serial_driver::SerialPortConfig::SerialPortConfig(const drivers::serial_driver::SerialPortConfig&)[m[K’
[1.772s]    57 | class [01;36m[KSerialPortConfig[m[K
[1.772s]       |       [01;36m[K^~~~~~~~~~~~~~~~[m[K
[1.772s] [01m[K/opt/ros/humble/include/serial_driver/serial_port.hpp:57:7:[m[K [01;36m[Knote: [m[K  candidate expects 1 argument, 0 provided
[1.772s] [01m[K/opt/ros/humble/include/serial_driver/serial_port.hpp:57:7:[m[K [01;36m[Knote: [m[Kcandidate: ‘[01m[Kconstexpr drivers::serial_driver::SerialPortConfig::SerialPortConfig(drivers::serial_driver::SerialPortConfig&&)[m[K’
[1.773s] [01m[K/opt/ros/humble/include/serial_driver/serial_port.hpp:57:7:[m[K [01;36m[Knote: [m[K  candidate expects 1 argument, 0 provided
[2.255s] gmake[2]: *** [CMakeFiles/arduino_serial_node.dir/build.make:76：CMakeFiles/arduino_serial_node.dir/src/arduino_serial_node.cpp.o] 错误 1
[2.255s] gmake[1]: *** [CMakeFiles/Makefile2:137：CMakeFiles/arduino_serial_node.dir/all] 错误 2
[2.255s] gmake: *** [Makefile:146：all] 错误 2
[2.257s] Invoked command in '/home/xy/文档/PlatformIO/Projects/arduino_ros2_communicate/ros2_ws/build/arduino_communication' returned '2': CMAKE_PREFIX_PATH=/opt/ros/humble /usr/bin/cmake --build /home/xy/文档/PlatformIO/Projects/arduino_ros2_communicate/ros2_ws/build/arduino_communication -- -j16 -l16
